Determining if the pthread_create exist failed with the following output:
Change Dir: /home/davidlin/catkin_ws_toyboys/build/ass10_splines/CMakeFiles/CMakeTmp

Run Build Command:"/usr/bin/make" "cmTC_4d94c/fast"
/usr/bin/make -f CMakeFiles/cmTC_4d94c.dir/build.make CMakeFiles/cmTC_4d94c.dir/build
make[1]: Entering directory '/home/davidlin/catkin_ws_toyboys/build/ass10_splines/CMakeFiles/CMakeTmp'
Building C object CMakeFiles/cmTC_4d94c.dir/CheckSymbolExists.c.o
/usr/bin/cc    -o CMakeFiles/cmTC_4d94c.dir/CheckSymbolExists.c.o   -c /home/davidlin/catkin_ws_toyboys/build/ass10_splines/CMakeFiles/CMakeTmp/CheckSymbolExists.c
Linking C executable cmTC_4d94c
/usr/bin/cmake -E cmake_link_script CMakeFiles/cmTC_4d94c.dir/link.txt --verbose=1
/usr/bin/cc      -rdynamic CMakeFiles/cmTC_4d94c.dir/CheckSymbolExists.c.o  -o cmTC_4d94c 
CMakeFiles/cmTC_4d94c.dir/CheckSymbolExists.c.o: In function `main':
CheckSymbolExists.c:(.text+0x1b): undefined reference to `pthread_create'
collect2: error: ld returned 1 exit status
CMakeFiles/cmTC_4d94c.dir/build.make:97: recipe for target 'cmTC_4d94c' failed
make[1]: *** [cmTC_4d94c] Error 1
make[1]: Leaving directory '/home/davidlin/catkin_ws_toyboys/build/ass10_splines/CMakeFiles/CMakeTmp'
Makefile:126: recipe for target 'cmTC_4d94c/fast' failed
make: *** [cmTC_4d94c/fast] Error 2

File /home/davidlin/catkin_ws_toyboys/build/ass10_splines/CMakeFiles/CMakeTmp/CheckSymbolExists.c:
/* */
#include <pthread.h>

int main(int argc, char** argv)
{
  (void)argv;
#ifndef pthread_create
  return ((int*)(&pthread_create))[argc];
#else
  (void)argc;
  return 0;
#endif
}

Determining if the function pthread_create exists in the pthreads failed with the following output:
Change Dir: /home/davidlin/catkin_ws_toyboys/build/ass10_splines/CMakeFiles/CMakeTmp

Run Build Command:"/usr/bin/make" "cmTC_87481/fast"
/usr/bin/make -f CMakeFiles/cmTC_87481.dir/build.make CMakeFiles/cmTC_87481.dir/build
make[1]: Entering directory '/home/davidlin/catkin_ws_toyboys/build/ass10_splines/CMakeFiles/CMakeTmp'
Building C object CMakeFiles/cmTC_87481.dir/CheckFunctionExists.c.o
/usr/bin/cc   -DCHECK_FUNCTION_EXISTS=pthread_create   -o CMakeFiles/cmTC_87481.dir/CheckFunctionExists.c.o   -c /usr/share/cmake-3.10/Modules/CheckFunctionExists.c
Linking C executable cmTC_87481
/usr/bin/cmake -E cmake_link_script CMakeFiles/cmTC_87481.dir/link.txt --verbose=1
/usr/bin/cc  -DCHECK_FUNCTION_EXISTS=pthread_create    -rdynamic CMakeFiles/cmTC_87481.dir/CheckFunctionExists.c.o  -o cmTC_87481 -lpthreads 
/usr/bin/ld: cannot find -lpthreads
collect2: error: ld returned 1 exit status
CMakeFiles/cmTC_87481.dir/build.make:97: recipe for target 'cmTC_87481' failed
make[1]: *** [cmTC_87481] Error 1
make[1]: Leaving directory '/home/davidlin/catkin_ws_toyboys/build/ass10_splines/CMakeFiles/CMakeTmp'
Makefile:126: recipe for target 'cmTC_87481/fast' failed
make: *** [cmTC_87481/fast] Error 2


