Determining if the pthread_create exist failed with the following output:
Change Dir: /home/davidlin/catkin_ws_toyboys/build/fub_controller/CMakeFiles/CMakeTmp

Run Build Command:"/usr/bin/make" "cmTC_ff5bf/fast"
/usr/bin/make -f CMakeFiles/cmTC_ff5bf.dir/build.make CMakeFiles/cmTC_ff5bf.dir/build
make[1]: Entering directory '/home/davidlin/catkin_ws_toyboys/build/fub_controller/CMakeFiles/CMakeTmp'
Building C object CMakeFiles/cmTC_ff5bf.dir/CheckSymbolExists.c.o
/usr/bin/cc    -o CMakeFiles/cmTC_ff5bf.dir/CheckSymbolExists.c.o   -c /home/davidlin/catkin_ws_toyboys/build/fub_controller/CMakeFiles/CMakeTmp/CheckSymbolExists.c
Linking C executable cmTC_ff5bf
/usr/bin/cmake -E cmake_link_script CMakeFiles/cmTC_ff5bf.dir/link.txt --verbose=1
/usr/bin/cc      -rdynamic CMakeFiles/cmTC_ff5bf.dir/CheckSymbolExists.c.o  -o cmTC_ff5bf 
CMakeFiles/cmTC_ff5bf.dir/CheckSymbolExists.c.o: In function `main':
CheckSymbolExists.c:(.text+0x1b): undefined reference to `pthread_create'
collect2: error: ld returned 1 exit status
CMakeFiles/cmTC_ff5bf.dir/build.make:97: recipe for target 'cmTC_ff5bf' failed
make[1]: *** [cmTC_ff5bf] Error 1
make[1]: Leaving directory '/home/davidlin/catkin_ws_toyboys/build/fub_controller/CMakeFiles/CMakeTmp'
Makefile:126: recipe for target 'cmTC_ff5bf/fast' failed
make: *** [cmTC_ff5bf/fast] Error 2

File /home/davidlin/catkin_ws_toyboys/build/fub_controller/CMakeFiles/CMakeTmp/CheckSymbolExists.c:
/* */
#include <pthread.h>

int main(int argc, char** argv)
{
  (void)argv;
#ifndef pthread_create
  return ((int*)(&pthread_create))[argc];
#else
  (void)argc;
  return 0;
#endif
}

Determining if the function pthread_create exists in the pthreads failed with the following output:
Change Dir: /home/davidlin/catkin_ws_toyboys/build/fub_controller/CMakeFiles/CMakeTmp

Run Build Command:"/usr/bin/make" "cmTC_cdfac/fast"
/usr/bin/make -f CMakeFiles/cmTC_cdfac.dir/build.make CMakeFiles/cmTC_cdfac.dir/build
make[1]: Entering directory '/home/davidlin/catkin_ws_toyboys/build/fub_controller/CMakeFiles/CMakeTmp'
Building C object CMakeFiles/cmTC_cdfac.dir/CheckFunctionExists.c.o
/usr/bin/cc   -DCHECK_FUNCTION_EXISTS=pthread_create   -o CMakeFiles/cmTC_cdfac.dir/CheckFunctionExists.c.o   -c /usr/share/cmake-3.10/Modules/CheckFunctionExists.c
Linking C executable cmTC_cdfac
/usr/bin/cmake -E cmake_link_script CMakeFiles/cmTC_cdfac.dir/link.txt --verbose=1
/usr/bin/cc  -DCHECK_FUNCTION_EXISTS=pthread_create    -rdynamic CMakeFiles/cmTC_cdfac.dir/CheckFunctionExists.c.o  -o cmTC_cdfac -lpthreads 
/usr/bin/ld: cannot find -lpthreads
collect2: error: ld returned 1 exit status
CMakeFiles/cmTC_cdfac.dir/build.make:97: recipe for target 'cmTC_cdfac' failed
make[1]: *** [cmTC_cdfac] Error 1
make[1]: Leaving directory '/home/davidlin/catkin_ws_toyboys/build/fub_controller/CMakeFiles/CMakeTmp'
Makefile:126: recipe for target 'cmTC_cdfac/fast' failed
make: *** [cmTC_cdfac/fast] Error 2


