Determining if the pthread_create exist failed with the following output:
Change Dir: /home/davidlin/catkin_ws_toyboys/build/fub_visual_gps/CMakeFiles/CMakeTmp

Run Build Command:"/usr/bin/make" "cmTC_8b9eb/fast"
/usr/bin/make -f CMakeFiles/cmTC_8b9eb.dir/build.make CMakeFiles/cmTC_8b9eb.dir/build
make[1]: Entering directory '/home/davidlin/catkin_ws_toyboys/build/fub_visual_gps/CMakeFiles/CMakeTmp'
Building C object CMakeFiles/cmTC_8b9eb.dir/CheckSymbolExists.c.o
/usr/bin/cc    -o CMakeFiles/cmTC_8b9eb.dir/CheckSymbolExists.c.o   -c /home/davidlin/catkin_ws_toyboys/build/fub_visual_gps/CMakeFiles/CMakeTmp/CheckSymbolExists.c
Linking C executable cmTC_8b9eb
/usr/bin/cmake -E cmake_link_script CMakeFiles/cmTC_8b9eb.dir/link.txt --verbose=1
/usr/bin/cc      -rdynamic CMakeFiles/cmTC_8b9eb.dir/CheckSymbolExists.c.o  -o cmTC_8b9eb 
CMakeFiles/cmTC_8b9eb.dir/CheckSymbolExists.c.o: In function `main':
CheckSymbolExists.c:(.text+0x1b): undefined reference to `pthread_create'
collect2: error: ld returned 1 exit status
CMakeFiles/cmTC_8b9eb.dir/build.make:97: recipe for target 'cmTC_8b9eb' failed
make[1]: *** [cmTC_8b9eb] Error 1
make[1]: Leaving directory '/home/davidlin/catkin_ws_toyboys/build/fub_visual_gps/CMakeFiles/CMakeTmp'
Makefile:126: recipe for target 'cmTC_8b9eb/fast' failed
make: *** [cmTC_8b9eb/fast] Error 2

File /home/davidlin/catkin_ws_toyboys/build/fub_visual_gps/CMakeFiles/CMakeTmp/CheckSymbolExists.c:
/* */
#include <pthread.h>

int main(int argc, char** argv)
{
  (void)argv;
#ifndef pthread_create
  return ((int*)(&pthread_create))[argc];
#else
  (void)argc;
  return 0;
#endif
}

Determining if the function pthread_create exists in the pthreads failed with the following output:
Change Dir: /home/davidlin/catkin_ws_toyboys/build/fub_visual_gps/CMakeFiles/CMakeTmp

Run Build Command:"/usr/bin/make" "cmTC_dfd52/fast"
/usr/bin/make -f CMakeFiles/cmTC_dfd52.dir/build.make CMakeFiles/cmTC_dfd52.dir/build
make[1]: Entering directory '/home/davidlin/catkin_ws_toyboys/build/fub_visual_gps/CMakeFiles/CMakeTmp'
Building C object CMakeFiles/cmTC_dfd52.dir/CheckFunctionExists.c.o
/usr/bin/cc   -DCHECK_FUNCTION_EXISTS=pthread_create   -o CMakeFiles/cmTC_dfd52.dir/CheckFunctionExists.c.o   -c /usr/share/cmake-3.10/Modules/CheckFunctionExists.c
Linking C executable cmTC_dfd52
/usr/bin/cmake -E cmake_link_script CMakeFiles/cmTC_dfd52.dir/link.txt --verbose=1
/usr/bin/cc  -DCHECK_FUNCTION_EXISTS=pthread_create    -rdynamic CMakeFiles/cmTC_dfd52.dir/CheckFunctionExists.c.o  -o cmTC_dfd52 -lpthreads 
/usr/bin/ld: cannot find -lpthreads
collect2: error: ld returned 1 exit status
CMakeFiles/cmTC_dfd52.dir/build.make:97: recipe for target 'cmTC_dfd52' failed
make[1]: *** [cmTC_dfd52] Error 1
make[1]: Leaving directory '/home/davidlin/catkin_ws_toyboys/build/fub_visual_gps/CMakeFiles/CMakeTmp'
Makefile:126: recipe for target 'cmTC_dfd52/fast' failed
make: *** [cmTC_dfd52/fast] Error 2


