[ 11%] Built target fisheye_camera_matrix
[ 27%] Built target offline_calibration_manual
[ 33%] [32mBuilding CXX object CMakeFiles/camera_matrix_publisher.dir/src/camera_matrix_publisher.cpp.o[0m
[ 38%] [32mBuilding CXX object CMakeFiles/camera_matrix_publisher.dir/src/camera_matrix.cpp.o[0m
[ 55%] Built target undistorted_image_publisher
[35m[1mScanning dependencies of target geometry_msgs_generate_messages_cpp[0m
[ 55%] Built target geometry_msgs_generate_messages_cpp
[35m[1mScanning dependencies of target _fisheye_camera_matrix_generate_messages_check_deps_perspective_projection[0m
[ 55%] Built target _fisheye_camera_matrix_generate_messages_check_deps_perspective_projection
[35m[1mScanning dependencies of target std_msgs_generate_messages_cpp[0m
[ 55%] Built target std_msgs_generate_messages_cpp
[35m[1mScanning dependencies of target geometry_msgs_generate_messages_py[0m
[ 55%] Built target geometry_msgs_generate_messages_py
[35m[1mScanning dependencies of target std_msgs_generate_messages_py[0m
[ 55%] Built target std_msgs_generate_messages_py
[35m[1mScanning dependencies of target geometry_msgs_generate_messages_eus[0m
[ 55%] Built target geometry_msgs_generate_messages_eus
[35m[1mScanning dependencies of target std_msgs_generate_messages_eus[0m
[ 55%] Built target std_msgs_generate_messages_eus
[35m[1mScanning dependencies of target geometry_msgs_generate_messages_lisp[0m
[ 55%] Built target geometry_msgs_generate_messages_lisp
[35m[1mScanning dependencies of target std_msgs_generate_messages_lisp[0m
[ 55%] Built target std_msgs_generate_messages_lisp
[35m[1mScanning dependencies of target std_msgs_generate_messages_nodejs[0m
[ 55%] Built target std_msgs_generate_messages_nodejs
[35m[1mScanning dependencies of target geometry_msgs_generate_messages_nodejs[0m
[ 55%] Built target geometry_msgs_generate_messages_nodejs
[01m[K/home/davidlin/catkin_ws_toyboys/src/fisheye_camera_matrix/src/camera_matrix_publisher.cpp:4:10:[m[K [01;31m[Kfatal error: [m[Kfisheye_camera_matrix/perspective_projection.h: No such file or directory
 #include [01;31m[K<fisheye_camera_matrix/perspective_projection.h>[m[K
          [01;31m[K^~~~~~~~~~~~~~~~~~~~~~~~~~~~~~~~~~~~~~~~~~~~~~~~[m[K
compilation terminated.
CMakeFiles/camera_matrix_publisher.dir/build.make:62: recipe for target 'CMakeFiles/camera_matrix_publisher.dir/src/camera_matrix_publisher.cpp.o' failed
make[2]: *** [CMakeFiles/camera_matrix_publisher.dir/src/camera_matrix_publisher.cpp.o] Error 1
make[2]: *** Waiting for unfinished jobs....
[35m[1mScanning dependencies of target fisheye_camera_matrix_generate_messages_cpp[0m
[ 61%] [34m[1mGenerating C++ code from fisheye_camera_matrix/perspective_projection.srv[0m
[35m[1mScanning dependencies of target fisheye_camera_matrix_generate_messages_py[0m
[ 66%] [34m[1mGenerating Python code from SRV fisheye_camera_matrix/perspective_projection[0m
[ 72%] [34m[1mGenerating Python srv __init__.py for fisheye_camera_matrix[0m
[ 72%] Built target fisheye_camera_matrix_generate_messages_cpp
[35m[1mScanning dependencies of target fisheye_camera_matrix_generate_messages_eus[0m
[ 72%] Built target fisheye_camera_matrix_generate_messages_py
[ 77%] [34m[1mGenerating EusLisp code from fisheye_camera_matrix/perspective_projection.srv[0m
[ 83%] [34m[1mGenerating EusLisp manifest code for fisheye_camera_matrix[0m
[35m[1mScanning dependencies of target fisheye_camera_matrix_generate_messages_lisp[0m
[ 88%] [34m[1mGenerating Lisp code from fisheye_camera_matrix/perspective_projection.srv[0m
[35m[1mScanning dependencies of target fisheye_camera_matrix_generate_messages_nodejs[0m
[ 94%] [34m[1mGenerating Javascript code from fisheye_camera_matrix/perspective_projection.srv[0m
[ 94%] Built target fisheye_camera_matrix_generate_messages_lisp
[ 94%] Built target fisheye_camera_matrix_generate_messages_nodejs
CMakeFiles/Makefile2:1109: recipe for target 'CMakeFiles/camera_matrix_publisher.dir/all' failed
make[1]: *** [CMakeFiles/camera_matrix_publisher.dir/all] Error 2
make[1]: *** Waiting for unfinished jobs....
[ 94%] Built target fisheye_camera_matrix_generate_messages_eus
Makefile:140: recipe for target 'all' failed
make: *** [all] Error 2
