[35m[1mScanning dependencies of target offline_calibration_manual[0m
[35m[1mScanning dependencies of target fisheye_camera_matrix[0m
[  5%] [32mBuilding CXX object CMakeFiles/fisheye_camera_matrix.dir/src/camera_matrix.cpp.o[0m
[ 11%] [32mBuilding CXX object CMakeFiles/offline_calibration_manual.dir/src/offline_calibration_manual.cpp.o[0m
[ 16%] [32mBuilding CXX object CMakeFiles/offline_calibration_manual.dir/src/camera_matrix.cpp.o[0m
[ 22%] [32m[1mLinking CXX shared library /home/davidlin/catkin_ws_toyboys/devel/.private/fisheye_camera_matrix/lib/libfisheye_camera_matrix.so[0m
[ 22%] Built target fisheye_camera_matrix
[35m[1mScanning dependencies of target camera_matrix_publisher[0m
[ 27%] [32mBuilding CXX object CMakeFiles/camera_matrix_publisher.dir/src/camera_matrix_publisher.cpp.o[0m
[35m[1mScanning dependencies of target undistorted_image_publisher[0m
[ 33%] [32mBuilding CXX object CMakeFiles/undistorted_image_publisher.dir/src/undistorted_image_publisher.cpp.o[0m
[ 38%] [32m[1mLinking CXX executable /home/davidlin/catkin_ws_toyboys/devel/.private/fisheye_camera_matrix/lib/fisheye_camera_matrix/offline_calibration_manual[0m
[01m[K/home/davidlin/catkin_ws_toyboys/src/fisheye_camera_matrix/src/camera_matrix_publisher.cpp:4:10:[m[K [01;31m[Kfatal error: [m[Kfisheye_camera_matrix/perspective_projection.h: No such file or directory
 #include [01;31m[K<fisheye_camera_matrix/perspective_projection.h>[m[K
          [01;31m[K^~~~~~~~~~~~~~~~~~~~~~~~~~~~~~~~~~~~~~~~~~~~~~~~[m[K
compilation terminated.
CMakeFiles/camera_matrix_publisher.dir/build.make:62: recipe for target 'CMakeFiles/camera_matrix_publisher.dir/src/camera_matrix_publisher.cpp.o' failed
make[2]: *** [CMakeFiles/camera_matrix_publisher.dir/src/camera_matrix_publisher.cpp.o] Error 1
CMakeFiles/Makefile2:1109: recipe for target 'CMakeFiles/camera_matrix_publisher.dir/all' failed
make[1]: *** [CMakeFiles/camera_matrix_publisher.dir/all] Error 2
make[1]: *** Waiting for unfinished jobs....
[ 44%] [32mBuilding CXX object CMakeFiles/undistorted_image_publisher.dir/src/camera_matrix.cpp.o[0m
[ 44%] Built target offline_calibration_manual
[ 50%] [32m[1mLinking CXX executable /home/davidlin/catkin_ws_toyboys/devel/.private/fisheye_camera_matrix/lib/fisheye_camera_matrix/undistorted_image_publisher[0m
[ 50%] Built target undistorted_image_publisher
Makefile:140: recipe for target 'all' failed
make: *** [all] Error 2
