Symlinking /home/davidlin/catkin_ws_toyboys/devel/lib/libfisheye_camera_matrix.so
Symlinking /home/davidlin/catkin_ws_toyboys/devel/lib/fisheye_camera_matrix/undistorted_image_publisher
Symlinking /home/davidlin/catkin_ws_toyboys/devel/lib/fisheye_camera_matrix/offline_calibration_manual
Symlinking /home/davidlin/catkin_ws_toyboys/devel/lib/fisheye_camera_matrix/camera_matrix_publisher
Symlinking /home/davidlin/catkin_ws_toyboys/devel/lib/pkgconfig/fisheye_camera_matrix.pc
Symlinking /home/davidlin/catkin_ws_toyboys/devel/lib/python2.7/dist-packages/fisheye_camera_matrix/__init__.py
Symlinking /home/davidlin/catkin_ws_toyboys/devel/lib/python2.7/dist-packages/fisheye_camera_matrix/srv/_perspective_projection.py
Symlinking /home/davidlin/catkin_ws_toyboys/devel/lib/python2.7/dist-packages/fisheye_camera_matrix/srv/__init__.py
Symlinking /home/davidlin/catkin_ws_toyboys/devel/include/fisheye_camera_matrix/perspective_projectionResponse.h
Symlinking /home/davidlin/catkin_ws_toyboys/devel/include/fisheye_camera_matrix/perspective_projectionRequest.h
Symlinking /home/davidlin/catkin_ws_toyboys/devel/include/fisheye_camera_matrix/perspective_projection.h
Symlinking /home/davidlin/catkin_ws_toyboys/devel/share/fisheye_camera_matrix/cmake/fisheye_camera_matrixConfig-version.cmake
Symlinking /home/davidlin/catkin_ws_toyboys/devel/share/fisheye_camera_matrix/cmake/fisheye_camera_matrixConfig.cmake
Symlinking /home/davidlin/catkin_ws_toyboys/devel/share/fisheye_camera_matrix/cmake/fisheye_camera_matrix-msg-extras.cmake
Symlinking /home/davidlin/catkin_ws_toyboys/devel/share/fisheye_camera_matrix/cmake/fisheye_camera_matrix-msg-paths.cmake
Symlinking /home/davidlin/catkin_ws_toyboys/devel/share/roseus/ros/fisheye_camera_matrix/manifest.l
Symlinking /home/davidlin/catkin_ws_toyboys/devel/share/roseus/ros/fisheye_camera_matrix/srv/perspective_projection.l
Symlinking /home/davidlin/catkin_ws_toyboys/devel/share/common-lisp/ros/fisheye_camera_matrix/srv/perspective_projection.lisp
Symlinking /home/davidlin/catkin_ws_toyboys/devel/share/common-lisp/ros/fisheye_camera_matrix/srv/_package_perspective_projection.lisp
Symlinking /home/davidlin/catkin_ws_toyboys/devel/share/common-lisp/ros/fisheye_camera_matrix/srv/fisheye_camera_matrix-srv.asd
Symlinking /home/davidlin/catkin_ws_toyboys/devel/share/common-lisp/ros/fisheye_camera_matrix/srv/_package.lisp
Symlinking /home/davidlin/catkin_ws_toyboys/devel/share/gennodejs/ros/fisheye_camera_matrix/_index.js
Symlinking /home/davidlin/catkin_ws_toyboys/devel/share/gennodejs/ros/fisheye_camera_matrix/srv/_index.js
Symlinking /home/davidlin/catkin_ws_toyboys/devel/share/gennodejs/ros/fisheye_camera_matrix/srv/perspective_projection.js
